[2026-03-31T11:03:12.283Z] Loaded 15 pages from token-page-list.json
[2026-03-31T11:03:12.807Z] Scraping [Home] https://www.iodigital.com/en
[2026-03-31T11:03:17.269Z]   ✓ 70 CSS vars, 476 classes, 476 component blocks
[2026-03-31T11:03:18.832Z] Scraping [Services] https://www.iodigital.com/en/services
[2026-03-31T11:03:20.520Z]   ✓ 70 CSS vars, 322 classes, 322 component blocks
[2026-03-31T11:03:22.069Z] Scraping [Experience Design] https://www.iodigital.com/en/services/experience-design
[2026-03-31T11:03:23.725Z]   ✓ 70 CSS vars, 322 classes, 322 component blocks
[2026-03-31T11:03:25.261Z] Scraping [About] https://www.iodigital.com/en/about
[2026-03-31T11:03:27.020Z]   ✓ 70 CSS vars, 406 classes, 406 component blocks
[2026-03-31T11:03:28.566Z] Scraping [Work] https://www.iodigital.com/en/work
[2026-03-31T11:03:30.225Z]   ✓ 70 CSS vars, 322 classes, 322 component blocks
[2026-03-31T11:03:31.762Z] Scraping [Work — Heineken] https://www.iodigital.com/en/work/heineken
[2026-03-31T11:03:33.423Z]   ✓ 70 CSS vars, 322 classes, 322 component blocks
[2026-03-31T11:03:34.969Z] Scraping [Insights] https://www.iodigital.com/en/insights
[2026-03-31T11:03:37.580Z]   ✓ 70 CSS vars, 497 classes, 497 component blocks
[2026-03-31T11:03:39.140Z] Scraping [Insights — Blog] https://www.iodigital.com/en/insights/blog
[2026-03-31T11:03:40.813Z]   ✓ 70 CSS vars, 322 classes, 322 component blocks
[2026-03-31T11:03:42.379Z] Scraping [Careers] https://www.iodigital.com/en/careers
[2026-03-31T11:03:45.627Z]   ✓ 70 CSS vars, 463 classes, 462 component blocks
[2026-03-31T11:03:47.196Z] Scraping [Contact] https://www.iodigital.com/en/contact
[2026-03-31T11:03:48.846Z]   ✓ 70 CSS vars, 396 classes, 396 component blocks
[2026-03-31T11:03:50.442Z] Scraping [Tech] https://www.iodigital.com/en/tech
[2026-03-31T11:03:52.110Z]   ✓ 70 CSS vars, 322 classes, 322 component blocks
[2026-03-31T11:03:53.681Z] Scraping [Data] https://www.iodigital.com/en/data
[2026-03-31T11:03:55.376Z]   ✓ 70 CSS vars, 322 classes, 322 component blocks
[2026-03-31T11:03:56.935Z] Scraping [Strategy] https://www.iodigital.com/en/strategy
[2026-03-31T11:03:58.599Z]   ✓ 70 CSS vars, 322 classes, 322 component blocks
[2026-03-31T11:04:00.167Z] Scraping [Partners] https://www.iodigital.com/en/partners
[2026-03-31T11:04:01.830Z]   ✓ 70 CSS vars, 322 classes, 322 component blocks
[2026-03-31T11:04:03.390Z] Scraping [Offices] https://www.iodigital.com/en/offices
[2026-03-31T11:04:05.044Z]   ✓ 70 CSS vars, 322 classes, 322 component blocks
[2026-03-31T11:04:06.574Z] 
Done. Written → /Users/jakeortega/Documents/Projects/io-design-system/docs/tokens.live.json
[2026-03-31T11:04:06.574Z] Log file      → /Users/jakeortega/Documents/Projects/io-design-system/logs/scrape-2026-03-31T11-03-12.log
