[2026-03-31T10:09:34.955Z] Loaded 15 pages from token-page-list.json
[2026-03-31T10:09:35.429Z] Scraping [Home] https://www.iodigital.com/en
[2026-03-31T10:09:39.558Z]   ✓ 70 CSS custom properties
[2026-03-31T10:09:41.115Z] Scraping [Services] https://www.iodigital.com/en/services
[2026-03-31T10:09:42.791Z]   ✓ 70 CSS custom properties
[2026-03-31T10:09:44.366Z] Scraping [Experience Design] https://www.iodigital.com/en/services/experience-design
[2026-03-31T10:09:46.025Z]   ✓ 70 CSS custom properties
[2026-03-31T10:09:47.590Z] Scraping [About] https://www.iodigital.com/en/about
[2026-03-31T10:09:49.261Z]   ✓ 70 CSS custom properties
[2026-03-31T10:09:50.824Z] Scraping [Work] https://www.iodigital.com/en/work
[2026-03-31T10:09:52.456Z]   ✓ 70 CSS custom properties
[2026-03-31T10:09:54.015Z] Scraping [Work — Heineken] https://www.iodigital.com/en/work/heineken
[2026-03-31T10:09:55.662Z]   ✓ 70 CSS custom properties
[2026-03-31T10:09:57.222Z] Scraping [Insights] https://www.iodigital.com/en/insights
[2026-03-31T10:09:59.823Z]   ✓ 70 CSS custom properties
[2026-03-31T10:10:01.381Z] Scraping [Insights — Blog] https://www.iodigital.com/en/insights/blog
[2026-03-31T10:10:03.022Z]   ✓ 70 CSS custom properties
[2026-03-31T10:10:04.585Z] Scraping [Careers] https://www.iodigital.com/en/careers
[2026-03-31T10:10:07.597Z]   ✓ 70 CSS custom properties
[2026-03-31T10:10:09.163Z] Scraping [Contact] https://www.iodigital.com/en/contact
[2026-03-31T10:10:11.171Z]   ✓ 70 CSS custom properties
[2026-03-31T10:10:12.734Z] Scraping [Tech] https://www.iodigital.com/en/tech
[2026-03-31T10:10:15.221Z]   ✓ 70 CSS custom properties
[2026-03-31T10:10:16.780Z] Scraping [Data] https://www.iodigital.com/en/data
[2026-03-31T10:10:18.470Z]   ✓ 70 CSS custom properties
[2026-03-31T10:10:20.032Z] Scraping [Strategy] https://www.iodigital.com/en/strategy
[2026-03-31T10:10:21.670Z]   ✓ 70 CSS custom properties
[2026-03-31T10:10:23.233Z] Scraping [Partners] https://www.iodigital.com/en/partners
[2026-03-31T10:10:24.934Z]   ✓ 70 CSS custom properties
[2026-03-31T10:10:26.497Z] Scraping [Offices] https://www.iodigital.com/en/offices
[2026-03-31T10:10:28.163Z]   ✓ 70 CSS custom properties
[2026-03-31T10:10:29.716Z] 
Done. Written → /Users/jakeortega/Documents/Projects/io-design-system/docs/tokens.live.json
[2026-03-31T10:10:29.716Z] Log file      → /Users/jakeortega/Documents/Projects/io-design-system/logs/scrape-2026-03-31T10-09-34.log
